[debug] [2020-04-13T00:00:42.036Z] ----------------------------------------------------------------------
[debug] [2020-04-13T00:00:42.040Z] Command:       C:\Program Files\nodejs\node.exe C:\Users\Student\AppData\Roaming\npm\node_modules\firebase-tools\lib\bin\firebase.js serve
[debug] [2020-04-13T00:00:42.040Z] CLI Version:   8.0.2
[debug] [2020-04-13T00:00:42.041Z] Platform:      win32
[debug] [2020-04-13T00:00:42.041Z] Node Version:  v13.12.0
[debug] [2020-04-13T00:00:42.043Z] Time:          Sun Apr 12 2020 17:00:42 GMT-0700 (Pacific Daylight Time)
[debug] [2020-04-13T00:00:42.043Z] ----------------------------------------------------------------------
[debug] [2020-04-13T00:00:42.044Z] 
[debug] [2020-04-13T00:00:42.105Z] > command requires scopes: ["email","openid","https://www.googleapis.com/auth/cloudplatformprojects.readonly","https://www.googleapis.com/auth/firebase","https://www.googleapis.com/auth/cloud-platform"]
[debug] [2020-04-13T00:00:42.106Z] > authorizing via signed-in user
[debug] [2020-04-13T00:00:42.106Z] [iam] checking project theorb-f3a48 for permissions ["firebase.projects.get"]
[debug] [2020-04-13T00:00:42.110Z] > refreshing access token with scopes: ["email","https://www.googleapis.com/auth/cloud-platform","https://www.googleapis.com/auth/cloudplatformprojects.readonly","https://www.googleapis.com/auth/firebase","openid"]
[debug] [2020-04-13T00:00:42.111Z] >>> HTTP REQUEST POST https://www.googleapis.com/oauth2/v3/token  
 <request body omitted>
[debug] [2020-04-13T00:00:42.481Z] <<< HTTP RESPONSE 200 {"content-type":"application/json; charset=utf-8","vary":"X-Origin, Referer, Origin,Accept-Encoding","date":"Mon, 13 Apr 2020 00:00:41 GMT","server":"scaffolding on HTTPServer2","cache-control":"private","x-xss-protection":"0","x-frame-options":"SAMEORIGIN","x-content-type-options":"nosniff","alt-svc":"quic=\":443\"; ma=2592000; v=\"46,43\",h3-Q050=\":443\"; ma=2592000,h3-Q049=\":443\"; ma=2592000,h3-Q048=\":443\"; ma=2592000,h3-Q046=\":443\"; ma=2592000,h3-Q043=\":443\"; ma=2592000,h3-T050=\":443\"; ma=2592000","accept-ranges":"none","transfer-encoding":"chunked"}
[debug] [2020-04-13T00:00:42.509Z] >>> HTTP REQUEST POST https://cloudresourcemanager.googleapis.com/v1/projects/theorb-f3a48:testIamPermissions  
 {"permissions":["firebase.projects.get"]}
[debug] [2020-04-13T00:00:42.972Z] <<< HTTP RESPONSE 200 {"content-type":"application/json; charset=UTF-8","vary":"X-Origin, Referer, Origin,Accept-Encoding","date":"Mon, 13 Apr 2020 00:00:42 GMT","server":"ESF","cache-control":"private","x-xss-protection":"0","x-frame-options":"SAMEORIGIN","x-content-type-options":"nosniff","server-timing":"gfet4t7; dur=221","alt-svc":"quic=\":443\"; ma=2592000; v=\"46,43\",h3-Q050=\":443\"; ma=2592000,h3-Q049=\":443\"; ma=2592000,h3-Q048=\":443\"; ma=2592000,h3-Q046=\":443\"; ma=2592000,h3-Q043=\":443\"; ma=2592000,h3-T050=\":443\"; ma=2592000","accept-ranges":"none","transfer-encoding":"chunked"}
[debug] [2020-04-13T00:00:42.975Z] >>> HTTP REQUEST GET https://firebase.googleapis.com/v1beta1/projects/theorb-f3a48  
 
[debug] [2020-04-13T00:00:43.267Z] <<< HTTP RESPONSE 200 {"content-type":"application/json; charset=UTF-8","vary":"X-Origin, Referer, Origin,Accept-Encoding","date":"Mon, 13 Apr 2020 00:00:42 GMT","server":"ESF","cache-control":"private","x-xss-protection":"0","x-frame-options":"SAMEORIGIN","x-content-type-options":"nosniff","alt-svc":"quic=\":443\"; ma=2592000; v=\"46,43\",h3-Q050=\":443\"; ma=2592000,h3-Q049=\":443\"; ma=2592000,h3-Q048=\":443\"; ma=2592000,h3-Q046=\":443\"; ma=2592000,h3-Q043=\":443\"; ma=2592000,h3-T050=\":443\"; ma=2592000","accept-ranges":"none","transfer-encoding":"chunked"}
[info] 
[info] === Serving from 'C:\Users\Student\Jamel Lyons\J.C. LYONS ENTERPRISES LLC\theorb-app'...
[info] 
[debug] [2020-04-13T00:00:43.314Z] >>> HTTP REQUEST GET https://firebase.googleapis.com/v1beta1/projects/theorb-f3a48/webApps/-/config  
 
[debug] [2020-04-13T00:00:43.837Z] <<< HTTP RESPONSE 200 {"content-type":"application/json; charset=UTF-8","vary":"X-Origin, Referer, Origin,Accept-Encoding","date":"Mon, 13 Apr 2020 00:00:43 GMT","server":"ESF","cache-control":"private","x-xss-protection":"0","x-frame-options":"SAMEORIGIN","x-content-type-options":"nosniff","alt-svc":"quic=\":443\"; ma=2592000; v=\"46,43\",h3-Q050=\":443\"; ma=2592000,h3-Q049=\":443\"; ma=2592000,h3-Q048=\":443\"; ma=2592000,h3-Q046=\":443\"; ma=2592000,h3-Q043=\":443\"; ma=2592000,h3-T050=\":443\"; ma=2592000","accept-ranges":"none","transfer-encoding":"chunked"}
[info] i  hosting: Serving hosting files from: /src
[info] +  hosting: Local server: http://localhost:5000
[warn] !  Your requested "node" version "8" doesn't match your global version "13"
[info] +  functions: functions emulator started at http://localhost:5001
[info] i  functions: Watching "C:\Users\Student\Jamel Lyons\J.C. LYONS ENTERPRISES LLC\theorb-app\functions" for Cloud Functions...
[debug] [2020-04-13T00:00:45.544Z] [worker-pool] addWorker(~diagnostic~) 
[debug] [2020-04-13T00:00:45.544Z] [worker-pool] Adding worker with key ~diagnostic~, total=1 
[debug] [2020-04-13T00:00:45.545Z] [worker-pool] submitWork(triggerId=) 
[debug] [2020-04-13T00:00:45.546Z] [worker-~diagnostic~-544d207f-4d4d-46aa-af4d-2906feb8982e]: Assigning socketPath: \\?\pipe\C:\Users\Student\Jamel Lyons\J.C. LYONS ENTERPRISES LLC\theorb-app\functions\4332 
[debug] [2020-04-13T00:00:45.546Z] [worker-~diagnostic~-544d207f-4d4d-46aa-af4d-2906feb8982e]: BUSY 
[debug] [2020-04-13T00:00:48.434Z] [runtime-status] [4332] Functions runtime initialized. {"cwd":"C:\\Users\\Student\\Jamel Lyons\\J.C. LYONS ENTERPRISES LLC\\theorb-app\\functions","node_version":"13.12.0"} 
[debug] [2020-04-13T00:00:48.441Z] [runtime-status] [4332] Disabled runtime features: undefined 
[warn] !  The Cloud Functions emulator requires the module "firebase-admin" to be installed. This package is in your package.json, but it's not available. You probably need to run "npm install" in your functions directory.
[info] i  functions: Your functions could not be parsed due to an issue with your node_modules (see above)
[debug] [2020-04-13T00:00:48.491Z] [worker-~diagnostic~-544d207f-4d4d-46aa-af4d-2906feb8982e]: exited 
[debug] [2020-04-13T00:00:48.491Z] [worker-~diagnostic~-544d207f-4d4d-46aa-af4d-2906feb8982e]: FINISHED 
